<?xml version="1.0" encoding="UTF-8"?>
<!-- Generated by org.testng.reporters.JUnitXMLReporter -->
<testsuite hostname="WINDOWS-04O9JVO" failures="0" tests="4" name="DIY Project List and Ideas" time="136.92" errors="0" timestamp="11 Apr 2021 00:38:12 GMT">
  <testcase classname="com.homedepot.TestCases.DIYProjectTC" name="checkProjectListVisible" time="1.833"/>
  <testcase classname="com.homedepot.TestCases.DIYProjectTC" name="checkProjectListInVisible" time="1.866"/>
  <testcase classname="com.homedepot.TestCases.DIYProjectTC" name="checkProjectListContent" time="8.775"/>
  <testcase classname="com.homedepot.TestCases.DIYProjectTC" name="checkProjectListNavigation" time="95.097"/>
</testsuite> <!-- DIY Project List and Ideas -->
