<?xml version="1.0" encoding="UTF-8"?>
<!-- Generated by org.testng.reporters.JUnitXMLReporter -->
<testsuite hostname="ROHINI-LNV" ignored="3" name="HomeDepot Test(failed)" tests="2" failures="1" timestamp="17 Apr 2021 03:57:44 GMT" time="45.805" errors="0">
  <testcase name="login_001" time="23.876" classname="com.homedepot.TestCases.HomeScreenTest">
    <failure type="java.lang.NullPointerException">
      <![CDATA[java.lang.NullPointerException
at com.homedepot.TestCases.HomeScreenTest.login_001(HomeScreenTest.java:70)
... Removed 25 stack frames]]>
    </failure>
  </testcase> <!-- login_001 -->
  <testcase name="HuskypageTest" time="14.175" classname="com.home.qa.testdata.HuskypageTest"/>
  <testcase name="findastore_003" time="0.0" classname="com.homedepot.TestCases.HomeScreenTest">
    <ignored/>
  </testcase> <!-- findastore_003 -->
  <testcase name="giftcards_004" time="0.0" classname="com.homedepot.TestCases.HomeScreenTest">
    <ignored/>
  </testcase> <!-- giftcards_004 -->
  <testcase name="searchanitem_tc002" time="0.0" classname="com.homedepot.TestCases.HomeScreenTest">
    <ignored/>
  </testcase> <!-- searchanitem_tc002 -->
</testsuite> <!-- HomeDepot Test(failed) -->
