<?xml version="1.0" encoding="UTF-8"?>
<!-- Generated by org.testng.reporters.JUnitXMLReporter -->
<testsuite hostname="WINDOWS-04O9JVO" failures="0" tests="4" name="Default test" time="271.747" errors="0" timestamp="10 Apr 2021 00:40:43 GMT">
  <testcase classname="com.homedepot.TestCases.DIYProjectTC" name="checkProjectListContent" time="14.403"/>
  <testcase classname="com.homedepot.TestCases.DIYProjectTC" name="checkProjectListInVisible" time="6.292"/>
  <testcase classname="com.homedepot.TestCases.DIYProjectTC" name="checkProjectListNavigation" time="234.66"/>
  <testcase classname="com.homedepot.TestCases.DIYProjectTC" name="checkProjectListVisible" time="5.992"/>
</testsuite> <!-- Default test -->
