<?xml version="1.0" encoding="UTF-8"?>
<testng-results skipped="0" failed="1" ignored="3" total="5" passed="1">
  <reporter-output>
  </reporter-output>
  <suite name="Failed suite [Homedepot]" duration-ms="45805" started-at="2021-04-17T03:56:58Z" finished-at="2021-04-17T03:57:44Z">
    <groups>
    </groups>
    <test name="HomeDepot Test(failed)" duration-ms="45805" started-at="2021-04-17T03:56:58Z" finished-at="2021-04-17T03:57:44Z">
      <class name="com.homedepot.TestCases.HomeScreenTest">
        <test-method status="PASS" signature="setup(java.lang.String)[pri:0, instance:com.homedepot.TestCases.HomeScreenTest@77cd7a0]" name="setup" is-config="true" duration-ms="4757" started-at="2021-04-17T03:56:58Z" finished-at="2021-04-17T03:57:03Z">
          <params>
            <param index="0">
              <value>
                <![CDATA[chrome]]>
              </value>
            </param>
          </params>
          <reporter-output>
          </reporter-output>
        </test-method> <!-- setup -->
        <test-method status="FAIL" signature="login_001()[pri:0, instance:com.homedepot.TestCases.HomeScreenTest@77cd7a0]" name="login_001" duration-ms="23876" started-at="2021-04-17T03:57:03Z" finished-at="2021-04-17T03:57:27Z">
          <exception class="java.lang.NullPointerException">
            <full-stacktrace>
              <![CDATA[java.lang.NullPointerException
at com.homedepot.TestCases.HomeScreenTest.login_001(HomeScreenTest.java:70)
at sun.reflect.NativeMethodAccessorImpl.invoke0(Native Method)
at sun.reflect.NativeMethodAccessorImpl.invoke(NativeMethodAccessorImpl.java:62)
at sun.reflect.DelegatingMethodAccessorImpl.invoke(DelegatingMethodAccessorImpl.java:43)
at java.lang.reflect.Method.invoke(Method.java:498)
at org.testng.internal.MethodInvocationHelper.invokeMethod(MethodInvocationHelper.java:124)
at org.testng.internal.Invoker.invokeMethod(Invoker.java:583)
at org.testng.internal.Invoker.invokeTestMethod(Invoker.java:719)
at org.testng.internal.Invoker.invokeTestMethods(Invoker.java:989)
at org.testng.internal.TestMethodWorker.invokeTestMethods(TestMethodWorker.java:125)
at org.testng.internal.TestMethodWorker.run(TestMethodWorker.java:109)
at org.testng.TestRunner.privateRun(TestRunner.java:648)
at org.testng.TestRunner.run(TestRunner.java:505)
at org.testng.SuiteRunner.runTest(SuiteRunner.java:455)
at org.testng.SuiteRunner.runSequentially(SuiteRunner.java:450)
at org.testng.SuiteRunner.privateRun(SuiteRunner.java:415)
at org.testng.SuiteRunner.run(SuiteRunner.java:364)
at org.testng.SuiteRunnerWorker.runSuite(SuiteRunnerWorker.java:52)
at org.testng.SuiteRunnerWorker.run(SuiteRunnerWorker.java:84)
at org.testng.TestNG.runSuitesSequentially(TestNG.java:1208)
at org.testng.TestNG.runSuitesLocally(TestNG.java:1137)
at org.testng.TestNG.runSuites(TestNG.java:1049)
at org.testng.TestNG.run(TestNG.java:1017)
at org.testng.remote.AbstractRemoteTestNG.run(AbstractRemoteTestNG.java:115)
at org.testng.remote.RemoteTestNG.initAndRun(RemoteTestNG.java:251)
at org.testng.remote.RemoteTestNG.main(RemoteTestNG.java:77)
]]>
            </full-stacktrace>
          </exception> <!-- java.lang.NullPointerException -->
          <reporter-output>
          </reporter-output>
        </test-method> <!-- login_001 -->
      </class> <!-- com.homedepot.TestCases.HomeScreenTest -->
      <class name="com.home.qa.testdata.HuskypageTest">
        <test-method status="PASS" signature="setUp()[pri:0, instance:com.home.qa.testdata.HuskypageTest@4667ae56]" name="setUp" is-config="true" duration-ms="2833" started-at="2021-04-17T03:57:27Z" finished-at="2021-04-17T03:57:30Z">
          <reporter-output>
          </reporter-output>
        </test-method> <!-- setUp -->
        <test-method status="PASS" signature="HuskypageTest()[pri:1, instance:com.home.qa.testdata.HuskypageTest@4667ae56]" name="HuskypageTest" duration-ms="14175" started-at="2021-04-17T03:57:30Z" finished-at="2021-04-17T03:57:44Z">
          <reporter-output>
          </reporter-output>
        </test-method> <!-- HuskypageTest -->
      </class> <!-- com.home.qa.testdata.HuskypageTest -->
    </test> <!-- HomeDepot Test(failed) -->
  </suite> <!-- Failed suite [Homedepot] -->
</testng-results>
