<?xml version="1.0" encoding="UTF-8"?>
<!-- Generated by org.testng.reporters.JUnitXMLReporter -->
<testsuite hostname="ROHINI-LNV" ignored="0" name="Homedepo App Test Cases" tests="4" failures="0" timestamp="17 Apr 2021 02:42:20 GMT" time="76.458" errors="0">
  <testcase name="WoodblindpageTest" time="11.176" classname="com.home.qa.testdata.BlindspageTest"/>
  <testcase name="CareerspageTest" time="19.517" classname="com.home.qa.testdata.CareerspageTest"/>
  <testcase name="HompageTitleTest" time="15.904" classname="com.home.qa.testdata.HomePageTest"/>
  <testcase name="HuskypageTest" time="13.966" classname="com.home.qa.testdata.HuskypageTest"/>
</testsuite> <!-- Homedepo App Test Cases -->
